<?xml version="1.0" encoding="UTF-8"?>
<testsuite xmlns:xsi="http://www.w3.org/2001/XMLSchema-instance" xsi:noNamespaceSchemaLocation="https://maven.apache.org/surefire/maven-surefire-plugin/xsd/surefire-test-report-3.0.xsd" version="3.0" name="TestSuite" time="0.417" tests="4" errors="0" skipped="0" failures="0">
  <properties>
[...]
</properties>
  <testcase name="method1" classname="com.example.PracticeGitCICD" time="0.005">
    <system-out><![CDATA[CICD practice from method1
]]></system-out>
    <system-err><![CDATA[SLF4J: Failed to load class "org.slf4j.impl.StaticLoggerBinder".
SLF4J: Defaulting to no-operation (NOP) logger implementation
SLF4J: See http://www.slf4j.org/codes.html#StaticLoggerBinder for further details.
]]></system-err>
  </testcase>
  <testcase name="method2" classname="com.example.PracticeGitCICD" time="0.001">
    <system-out><![CDATA[CICD practice from method2
]]></system-out>
  </testcase>
  <testcase name="method1" classname="com.example.PracticeCICDGit" time="0.001">
    <system-out><![CDATA[CICD practice from other class
]]></system-out>
  </testcase>
  <testcase name="method2" classname="com.example.PracticeCICDGit" time="0.001">
    <system-out><![CDATA[CICD practice from other class2
]]></system-out>
  </testcase>
</testsuite>