<?xml version="1.0" encoding="UTF-8"?>
<testng-results ignored="0" total="4" passed="4" failed="0" skipped="0">
  <reporter-output>
  </reporter-output>
  <suite started-at="2023-09-26T19:13:49 IST" name="Practice321 CICD" finished-at="2023-09-26T19:13:49 IST" duration-ms="33">
    <groups>
    </groups>
    <test started-at="2023-09-26T19:13:49 IST" name="Practice123 CICD" finished-at="2023-09-26T19:13:49 IST" duration-ms="33">
      <class name="com.example.PracticeCICDGit">
        <test-method signature="method2()[pri:0, instance:com.example.PracticeCICDGit@20d28811]" started-at="2023-09-26T19:13:49 IST" name="method2" finished-at="2023-09-26T19:13:49 IST" duration-ms="1" status="PASS">
          <reporter-output>
          </reporter-output>
        </test-method> <!-- method2 -->
        <test-method signature="method1()[pri:0, instance:com.example.PracticeCICDGit@20d28811]" started-at="2023-09-26T19:13:49 IST" name="method1" finished-at="2023-09-26T19:13:49 IST" duration-ms="0" status="PASS">
          <reporter-output>
          </reporter-output>
        </test-method> <!-- method1 -->
      </class> <!-- com.example.PracticeCICDGit -->
      <class name="com.example.PracticeGitCICD">
        <test-method signature="method1()[pri:0, instance:com.example.PracticeGitCICD@49c386c8]" started-at="2023-09-26T19:13:49 IST" name="method1" finished-at="2023-09-26T19:13:49 IST" duration-ms="4" status="PASS">
          <reporter-output>
          </reporter-output>
        </test-method> <!-- method1 -->
        <test-method signature="method2()[pri:0, instance:com.example.PracticeGitCICD@49c386c8]" started-at="2023-09-26T19:13:49 IST" name="method2" finished-at="2023-09-26T19:13:49 IST" duration-ms="0" status="PASS">
          <reporter-output>
          </reporter-output>
        </test-method> <!-- method2 -->
      </class> <!-- com.example.PracticeGitCICD -->
    </test> <!-- Practice123 CICD -->
  </suite> <!-- Practice321 CICD -->
</testng-results>
