<?xml version="1.0" encoding="UTF-8"?>
<!-- Generated by org.testng.reporters.JUnitXMLReporter -->
<testsuite ignored="0" hostname="LAPTOP-KA5SCLD6" failures="0" tests="4" name="Practice123 CICD" time="0.046" errors="0" timestamp="2023-09-26T19:13:36 IST">
  <testcase classname="com.example.PracticeGitCICD" name="method1" time="0.007"/>
  <testcase classname="com.example.PracticeGitCICD" name="method2" time="0.001"/>
  <testcase classname="com.example.PracticeCICDGit" name="method1" time="0.002"/>
  <testcase classname="com.example.PracticeCICDGit" name="method2" time="0.001"/>
</testsuite> <!-- Practice123 CICD -->
